START 2026-07-01T18:15:02.684556
COMMAND: /mnt/storage/qianhaoming/Tool/anaconda3/envs/hygma/bin/python main.py --config=hygma --env-config=sc2 with env_args.map_name=5m_vs_6m t_max=500000 test_interval=5000 seed=1 grouping_mode=random learner=q_learner clustering_interval=5000 clustering_probe_mode=off

/mnt/storage/qianhaoming/Tool/anaconda3/envs/hygma/lib/python3.9/site-packages/sacred/dependencies.py:11: UserWarning: pkg_resources is deprecated as an API. See https://setuptools.pypa.io/en/latest/pkg_resources.html. The pkg_resources package is slated for removal as early as 2025-11-30. Refrain from using this package or pin to Setuptools<81.
  import pkg_resources
/mnt/storage/qianhaoming/paper/HYGMA/src/main.py:77: DeprecationWarning: Using or importing the ABCs from 'collections' instead of from 'collections.abc' is deprecated since Python 3.3, and in 3.10 it will stop working
  if isinstance(v, collections.Mapping):
[INFO 18:15:04] root Saving to FileStorageObserver in results/sacred.
[DEBUG 18:15:04] pymarl Using capture mode "fd"
[INFO 18:15:04] pymarl Running command 'my_main'
[INFO 18:15:04] pymarl Started run with ID "21"
[DEBUG 18:15:04] pymarl Starting Heartbeat
[DEBUG 18:15:04] my_main Started
[INFO 18:15:04] my_main Experiment Parameters:
[INFO 18:15:04] my_main 

{   'action_selector': 'epsilon_greedy',
    'agent': 'rnn',
    'agent_output_type': 'q',
    'attention_record_interval': 5000,
    'batch_size': 128,
    'batch_size_run': 1,
    'behavior_history_length': 5000,
    'buffer_cpu_only': True,
    'buffer_size': 5000,
    'checkpoint_path': '',
    'clustering_interval': 5000,
    'clustering_min_checks': 1,
    'clustering_min_steps': 20000,
    'clustering_min_updates': 0,
    'clustering_probe_mode': 'off',
    'critic_lr': 0.0005,
    'double_q': True,
    'env': 'sc2',
    'env_args': {   'continuing_episode': False,
                    'debug': False,
                    'difficulty': '7',
                    'game_version': None,
                    'heuristic_ai': False,
                    'heuristic_rest': False,
                    'map_name': '5m_vs_6m',
                    'move_amount': 2,
                    'obs_all_health': True,
                    'obs_instead_of_state': False,
                    'obs_last_action': True,
                    'obs_own_health': True,
                    'obs_pathing_grid': False,
                    'obs_terrain_height': False,
                    'obs_timestep_number': False,
                    'replay_dir': '/home/lcq/project/GHMIX-master/replay',
                    'replay_prefix': '',
                    'reward_death_value': 10,
                    'reward_defeat': 0,
                    'reward_negative_scale': 0.5,
                    'reward_only_positive': True,
                    'reward_scale': True,
                    'reward_scale_rate': 20,
                    'reward_sparse': False,
                    'reward_win': 200,
                    'seed': 1,
                    'state_last_action': True,
                    'state_timestep_number': False,
                    'step_mul': 8},
    'epsilon_anneal_time': 100000,
    'epsilon_finish': 0.05,
    'epsilon_start': 1.0,
    'evaluate': False,
    'fix_grouping_steps': 2,
    'fix_hgcn_steps': 2,
    'gamma': 0.99,
    'grad_norm_clip': 10,
    'grouping_mode': 'random',
    'hgcn_hidden_dim': 64,
    'hgcn_num_layers': 2,
    'hgcn_out_dim': 48,
    'hypernet_embed': 64,
    'hypernet_layers': 2,
    'label': 'default_label',
    'lambda_attention': 0.01,
    'lambda_consistency': 0.001,
    'learner': 'q_learner',
    'learner_log_interval': 10000,
    'load_step': 0,
    'local_results_path': 'results',
    'log_interval': 10000,
    'lr': 0.0005,
    'mac': 'hygma_mac',
    'max_clusters': 3,
    'min_clusters': 2,
    'mixer': 'qmix',
    'mixing_embed_dim': 32,
    'name': 'hygma',
    'obs_agent_id': True,
    'obs_last_action': True,
    'optim_alpha': 0.99,
    'optim_beta1': 0.9,
    'optim_beta2': 0.999,
    'optim_eps': '1e-8',
    'repeat_id': 1,
    'rnn_hidden_dim': 64,
    'runner': 'episode',
    'runner_log_interval': 10000,
    'save_model': True,
    'save_model_interval': 1000000,
    'save_replay': False,
    'seed': 1,
    'stability_threshold': 0.6,
    'state_history_length': 5000,
    't_max': 500000,
    'target_update_interval': 200,
    'test_greedy': True,
    'test_interval': 5000,
    'test_nepisode': 32,
    'use_cuda': True,
    'use_tensorboard': False,
    'weight_decay': 0.01}

[DEBUG 18:15:05] pymarl Stopping Heartbeat
[ERROR 18:15:05] pymarl Failed after 0:00:00!
Traceback (most recent calls WITHOUT Sacred internals):
  File "/mnt/storage/qianhaoming/paper/HYGMA/src/main.py", line 35, in my_main
    exp_logger = run(_run, config, _log)
  File "/mnt/storage/qianhaoming/paper/HYGMA/src/run.py", line 48, in run
    run_sequential(args=args, logger=logger)
  File "/mnt/storage/qianhaoming/paper/HYGMA/src/run.py", line 114, in run_sequential
    learner = le_REGISTRY[args.learner](mac, buffer.scheme, logger, args)
  File "/mnt/storage/qianhaoming/paper/HYGMA/src/learners/q_learner.py", line 30, in __init__
    self.optimiser = RMSprop(params=self.params, lr=args.lr, alpha=args.optim_alpha, eps=args.optim_eps)
  File "/mnt/storage/qianhaoming/Tool/anaconda3/envs/hygma/lib/python3.9/site-packages/torch/optim/rmsprop.py", line 47, in __init__
    if not 0.0 <= eps:
TypeError: '<=' not supported between instances of 'float' and 'str'

