START 2026-07-01T19:20:03.978466
COMMAND: /mnt/storage/qianhaoming/Tool/anaconda3/envs/hygma/bin/python main.py --config=ablation_qmix_hgcn --env-config=sc2 with env_args.map_name=5m_vs_6m t_max=500000 test_interval=5000 seed=3 grouping_mode=each_alone

/mnt/storage/qianhaoming/Tool/anaconda3/envs/hygma/lib/python3.9/site-packages/sacred/dependencies.py:11: UserWarning: pkg_resources is deprecated as an API. See https://setuptools.pypa.io/en/latest/pkg_resources.html. The pkg_resources package is slated for removal as early as 2025-11-30. Refrain from using this package or pin to Setuptools<81.
  import pkg_resources
/mnt/storage/qianhaoming/paper/HYGMA/src/main.py:77: DeprecationWarning: Using or importing the ABCs from 'collections' instead of from 'collections.abc' is deprecated since Python 3.3, and in 3.10 it will stop working
  if isinstance(v, collections.Mapping):
[INFO 19:20:05] root Saving to FileStorageObserver in results/sacred.
[DEBUG 19:20:06] pymarl Using capture mode "fd"
[INFO 19:20:06] pymarl Running command 'my_main'
[INFO 19:20:06] pymarl Started run with ID "25"
[DEBUG 19:20:06] pymarl Starting Heartbeat
[DEBUG 19:20:06] my_main Started
[INFO 19:20:06] my_main Experiment Parameters:
[INFO 19:20:06] my_main 

{   'action_selector': 'epsilon_greedy',
    'agent': 'rnn',
    'agent_output_type': 'q',
    'attention_record_interval': 0,
    'batch_size': 128,
    'batch_size_run': 1,
    'buffer_cpu_only': True,
    'buffer_size': 5000,
    'checkpoint_path': '',
    'clustering_interval': 100000,
    'clustering_probe_mode': 'off',
    'critic_lr': 0.0005,
    'double_q': True,
    'env': 'sc2',
    'env_args': {   'continuing_episode': False,
                    'debug': False,
                    'difficulty': '7',
                    'game_version': None,
                    'heuristic_ai': False,
                    'heuristic_rest': False,
                    'map_name': '5m_vs_6m',
                    'move_amount': 2,
                    'obs_all_health': True,
                    'obs_instead_of_state': False,
                    'obs_last_action': True,
                    'obs_own_health': True,
                    'obs_pathing_grid': False,
                    'obs_terrain_height': False,
                    'obs_timestep_number': False,
                    'replay_dir': '/home/lcq/project/GHMIX-master/replay',
                    'replay_prefix': '',
                    'reward_death_value': 10,
                    'reward_defeat': 0,
                    'reward_negative_scale': 0.5,
                    'reward_only_positive': True,
                    'reward_scale': True,
                    'reward_scale_rate': 20,
                    'reward_sparse': False,
                    'reward_win': 200,
                    'seed': 3,
                    'state_last_action': True,
                    'state_timestep_number': False,
                    'step_mul': 8},
    'epsilon_anneal_time': 100000,
    'epsilon_finish': 0.05,
    'epsilon_start': 1.0,
    'evaluate': False,
    'fix_grouping_steps': 99999999,
    'fix_hgcn_steps': 2,
    'gamma': 0.99,
    'grad_norm_clip': 10,
    'grouping_mode': 'each_alone',
    'hgcn_hidden_dim': 64,
    'hgcn_num_layers': 2,
    'hgcn_out_dim': 48,
    'hypernet_embed': 64,
    'hypernet_layers': 2,
    'label': 'default_label',
    'learner': 'q_learner',
    'learner_log_interval': 10000,
    'load_step': 0,
    'local_results_path': 'results',
    'log_interval': 10000,
    'lr': 0.0005,
    'mac': 'hygma_mac',
    'max_clusters': 3,
    'min_clusters': 2,
    'mixer': 'qmix',
    'mixing_embed_dim': 32,
    'name': 'ablation_qmix_hgcn',
    'obs_agent_id': True,
    'obs_last_action': True,
    'optim_alpha': 0.99,
    'optim_eps': 1e-05,
    'repeat_id': 1,
    'rnn_hidden_dim': 64,
    'runner': 'episode',
    'runner_log_interval': 10000,
    'save_model': True,
    'save_model_interval': 1000000,
    'save_replay': False,
    'seed': 3,
    'stability_threshold': 0.6,
    'state_history_length': 5000,
    't_max': 500000,
    'target_update_interval': 200,
    'test_greedy': True,
    'test_interval': 5000,
    'test_nepisode': 32,
    'use_cuda': True,
    'use_tensorboard': False}

[INFO 19:20:07] my_main Beginning training for 500000 timesteps
[INFO 19:20:07] absl Launching SC2: /mnt/storage/qianhaoming/StarCraftII/Versions/Base75689/SC2_x64 -listen 127.0.0.1 -port 43279 -dataDir /mnt/storage/qianhaoming/StarCraftII/ -tempDir /tmp/sc-wjicnaav/
[INFO 19:20:07] absl Connecting to: ws://127.0.0.1:43279/sc2api, attempt: 0, running: True
Version: B75689 (SC2.4.10)
Build: Aug 12 2019 17:16:57
Command Line: '"/mnt/storage/qianhaoming/StarCraftII/Versions/Base75689/SC2_x64" -listen 127.0.0.1 -port 43279 -dataDir /mnt/storage/qianhaoming/StarCraftII/ -tempDir /tmp/sc-wjicnaav/'
Starting up...
Startup Phase 1 complete
[INFO 19:20:08] absl Connecting to: ws://127.0.0.1:43279/sc2api, attempt: 1, running: True
Startup Phase 2 complete
Creating stub renderer...
Listening on: 127.0.0.1:43279
Startup Phase 3 complete. Ready for commands.
[INFO 19:20:09] absl Connecting to: ws://127.0.0.1:43279/sc2api, attempt: 2, running: True
ConnectHandler: Request from 127.0.0.1:38884 accepted
ReadyHandler: 127.0.0.1:38884 ready
Requesting to join a single player game
Configuring interface options
Configure: raw interface enabled
Configure: feature layer interface disabled
Configure: score interface disabled
Configure: render interface disabled
Launching next game.
Next launch phase started: 2
Next launch phase started: 3
Next launch phase started: 4
Next launch phase started: 5
Next launch phase started: 6
Next launch phase started: 7
Next launch phase started: 8
Game has started.
Using default stable ids, none found at: /mnt/storage/qianhaoming/StarCraftII/stableid.json
Successfully loaded stable ids: GameData\stableid.json
Sending ResponseJoinGame
/mnt/storage/qianhaoming/paper/HYGMA/src/components/episode_buffer.py:96: UserWarning: Creating a tensor from a list of numpy.ndarrays is extremely slow. Please consider converting the list to a single numpy.ndarray with numpy.array() before converting to a tensor. (Triggered internally at /opt/conda/conda-bld/pytorch_1729647350383/work/torch/csrc/utils/tensor_new.cpp:278.)
  v = th.tensor(v, dtype=dtype, device=self.device)
/mnt/storage/qianhaoming/paper/HYGMA/src/components/episode_buffer.py:96: UserWarning: To copy construct from a tensor, it is recommended to use sourceTensor.clone().detach() or sourceTensor.clone().detach().requires_grad_(True), rather than torch.tensor(sourceTensor).
  v = th.tensor(v, dtype=dtype, device=self.device)
[INFO 19:20:14] my_main t_env: 27 / 500000
[INFO 19:20:14] my_main Estimated time left: 10 minutes, 57 seconds. Time passed: 6 seconds
[INFO 19:20:37] my_main Saving models to results/models/ablation_qmix_hgcn__2026-07-01_19-20-06/27
/mnt/storage/qianhaoming/Tool/anaconda3/envs/hygma/lib/python3.9/site-packages/sacred/stdout_capturing.py:179: UserWarning: tee_stdout.wait timeout. Forcibly terminating.
  warnings.warn("tee_stdout.wait timeout. Forcibly terminating.")
/mnt/storage/qianhaoming/Tool/anaconda3/envs/hygma/lib/python3.9/site-packages/sacred/stdout_capturing.py:185: UserWarning: tee_stderr.wait timeout. Forcibly terminating.
  warnings.warn("tee_stderr.wait timeout. Forcibly terminating.")
[DEBUG 19:21:17] pymarl Stopping Heartbeat
[ERROR 19:21:17] pymarl Failed after 0:01:12!
Traceback (most recent calls WITHOUT Sacred internals):
  File "/mnt/storage/qianhaoming/paper/HYGMA/src/main.py", line 35, in my_main
    exp_logger = run(_run, config, _log)
  File "/mnt/storage/qianhaoming/paper/HYGMA/src/run.py", line 48, in run
    run_sequential(args=args, logger=logger)
  File "/mnt/storage/qianhaoming/paper/HYGMA/src/run.py", line 179, in run_sequential
    learner.train(episode_sample, runner.t_env, episode)
  File "/mnt/storage/qianhaoming/paper/HYGMA/src/learners/q_learner.py", line 51, in train
    agent_outs = self.mac.forward(batch, t=t)
TypeError: forward() missing 1 required positional argument: 't_env'

[INFO 19:21:17] absl Shutdown gracefully.
[INFO 19:21:17] absl Shutdown with return code: -15
