HYGMA mechanism-first batch: 8 experiments
Python: /mnt/storage/qianhaoming/Tool/anaconda3/envs/hygma/bin/python
Logs:   /mnt/storage/qianhaoming/paper/HYGMA/results/launcher_logs/ablation_batch_2026-07-01_19-17-36

=== [1/8] A1-1 5m_vs_6m qmix+hgcn s1 ===
[2026-07-01 19:17:36] START A1-1: 5m_vs_6m qmix+hgcn s1
COMMAND: /mnt/storage/qianhaoming/Tool/anaconda3/envs/hygma/bin/python main.py --config=ablation_qmix_hgcn --env-config=sc2 with env_args.map_name=5m_vs_6m t_max=500000 test_interval=5000 seed=1 grouping_mode=each_alone
/mnt/storage/qianhaoming/Tool/anaconda3/envs/hygma/lib/python3.9/site-packages/sacred/dependencies.py:11: UserWarning: pkg_resources is deprecated as an API. See https://setuptools.pypa.io/en/latest/pkg_resources.html. The pkg_resources package is slated for removal as early as 2025-11-30. Refrain from using this package or pin to Setuptools<81.
  import pkg_resources
/mnt/storage/qianhaoming/paper/HYGMA/src/main.py:77: DeprecationWarning: Using or importing the ABCs from 'collections' instead of from 'collections.abc' is deprecated since Python 3.3, and in 3.10 it will stop working
  if isinstance(v, collections.Mapping):
[INFO 19:17:38] root Saving to FileStorageObserver in results/sacred.
[DEBUG 19:17:38] pymarl Using capture mode "fd"
[INFO 19:17:38] pymarl Running command 'my_main'
[INFO 19:17:38] pymarl Started run with ID "23"
[DEBUG 19:17:38] pymarl Starting Heartbeat
[DEBUG 19:17:38] my_main Started
[INFO 19:17:38] my_main Experiment Parameters:
[INFO 19:17:38] my_main 

{   'action_selector': 'epsilon_greedy',
    'agent': 'rnn',
    'agent_output_type': 'q',
    'attention_record_interval': 0,
    'batch_size': 128,
    'batch_size_run': 1,
    'buffer_cpu_only': True,
    'buffer_size': 5000,
    'checkpoint_path': '',
    'clustering_interval': 100000,
    'clustering_probe_mode': 'off',
    'critic_lr': 0.0005,
    'double_q': True,
    'env': 'sc2',
    'env_args': {   'continuing_episode': False,
                    'debug': False,
                    'difficulty': '7',
                    'game_version': None,
                    'heuristic_ai': False,
                    'heuristic_rest': False,
                    'map_name': '5m_vs_6m',
                    'move_amount': 2,
                    'obs_all_health': True,
                    'obs_instead_of_state': False,
                    'obs_last_action': True,
                    'obs_own_health': True,
                    'obs_pathing_grid': False,
                    'obs_terrain_height': False,
                    'obs_timestep_number': False,
                    'replay_dir': '/home/lcq/project/GHMIX-master/replay',
                    'replay_prefix': '',
                    'reward_death_value': 10,
                    'reward_defeat': 0,
                    'reward_negative_scale': 0.5,
                    'reward_only_positive': True,
                    'reward_scale': True,
                    'reward_scale_rate': 20,
                    'reward_sparse': False,
                    'reward_win': 200,
                    'seed': 1,
                    'state_last_action': True,
                    'state_timestep_number': False,
                    'step_mul': 8},
    'epsilon_anneal_time': 100000,
    'epsilon_finish': 0.05,
    'epsilon_start': 1.0,
    'evaluate': False,
    'fix_grouping_steps': 99999999,
    'fix_hgcn_steps': 2,
    'gamma': 0.99,
    'grad_norm_clip': 10,
    'grouping_mode': 'each_alone',
    'hgcn_hidden_dim': 64,
    'hgcn_num_layers': 2,
    'hgcn_out_dim': 48,
    'hypernet_embed': 64,
    'hypernet_layers': 2,
    'label': 'default_label',
    'learner': 'q_learner',
    'learner_log_interval': 10000,
    'load_step': 0,
    'local_results_path': 'results',
    'log_interval': 10000,
    'lr': 0.0005,
    'mac': 'hygma_mac',
    'max_clusters': 3,
    'min_clusters': 2,
    'mixer': 'qmix',
    'mixing_embed_dim': 32,
    'name': 'ablation_qmix_hgcn',
    'obs_agent_id': True,
    'obs_last_action': True,
    'optim_alpha': 0.99,
    'optim_eps': 1e-05,
    'repeat_id': 1,
    'rnn_hidden_dim': 64,
    'runner': 'episode',
    'runner_log_interval': 10000,
    'save_model': True,
    'save_model_interval': 1000000,
    'save_replay': False,
    'seed': 1,
    'stability_threshold': 0.6,
    'state_history_length': 5000,
    't_max': 500000,
    'target_update_interval': 200,
    'test_greedy': True,
    'test_interval': 5000,
    'test_nepisode': 32,
    'use_cuda': True,
    'use_tensorboard': False}

[INFO 19:17:39] my_main Beginning training for 500000 timesteps
[INFO 19:17:39] absl Launching SC2: /mnt/storage/qianhaoming/StarCraftII/Versions/Base75689/SC2_x64 -listen 127.0.0.1 -port 36495 -dataDir /mnt/storage/qianhaoming/StarCraftII/ -tempDir /tmp/sc-yhenlvzu/
[INFO 19:17:39] absl Connecting to: ws://127.0.0.1:36495/sc2api, attempt: 0, running: True
Version: B75689 (SC2.4.10)
Build: Aug 12 2019 17:16:57
Command Line: '"/mnt/storage/qianhaoming/StarCraftII/Versions/Base75689/SC2_x64" -listen 127.0.0.1 -port 36495 -dataDir /mnt/storage/qianhaoming/StarCraftII/ -tempDir /tmp/sc-yhenlvzu/'
Starting up...
Startup Phase 1 complete
[INFO 19:17:40] absl Connecting to: ws://127.0.0.1:36495/sc2api, attempt: 1, running: True
Startup Phase 2 complete
Creating stub renderer...
Listening on: 127.0.0.1:36495
Startup Phase 3 complete. Ready for commands.
[INFO 19:17:41] absl Connecting to: ws://127.0.0.1:36495/sc2api, attempt: 2, running: True
ConnectHandler: Request from 127.0.0.1:52492 accepted
ReadyHandler: 127.0.0.1:52492 ready
Requesting to join a single player game
Configuring interface options
Configure: raw interface enabled
Configure: feature layer interface disabled
Configure: score interface disabled
Configure: render interface disabled
Launching next game.
Next launch phase started: 2
Next launch phase started: 3
Next launch phase started: 4
Next launch phase started: 5
Next launch phase started: 6
Next launch phase started: 7
Next launch phase started: 8
Game has started.
Using default stable ids, none found at: /mnt/storage/qianhaoming/StarCraftII/stableid.json
Successfully loaded stable ids: GameData\stableid.json
Sending ResponseJoinGame
/mnt/storage/qianhaoming/paper/HYGMA/src/components/episode_buffer.py:96: UserWarning: Creating a tensor from a list of numpy.ndarrays is extremely slow. Please consider converting the list to a single numpy.ndarray with numpy.array() before converting to a tensor. (Triggered internally at /opt/conda/conda-bld/pytorch_1729647350383/work/torch/csrc/utils/tensor_new.cpp:278.)
  v = th.tensor(v, dtype=dtype, device=self.device)
/mnt/storage/qianhaoming/paper/HYGMA/src/components/episode_buffer.py:96: UserWarning: To copy construct from a tensor, it is recommended to use sourceTensor.clone().detach() or sourceTensor.clone().detach().requires_grad_(True), rather than torch.tensor(sourceTensor).
  v = th.tensor(v, dtype=dtype, device=self.device)
[INFO 19:17:46] my_main t_env: 25 / 500000
[INFO 19:17:46] my_main Estimated time left: 11 minutes, 9 seconds. Time passed: 6 seconds
[INFO 19:18:09] my_main Saving models to results/models/ablation_qmix_hgcn__2026-07-01_19-17-38/25
/mnt/storage/qianhaoming/Tool/anaconda3/envs/hygma/lib/python3.9/site-packages/sacred/stdout_capturing.py:179: UserWarning: tee_stdout.wait timeout. Forcibly terminating.
  warnings.warn("tee_stdout.wait timeout. Forcibly terminating.")
/mnt/storage/qianhaoming/Tool/anaconda3/envs/hygma/lib/python3.9/site-packages/sacred/stdout_capturing.py:185: UserWarning: tee_stderr.wait timeout. Forcibly terminating.
  warnings.warn("tee_stderr.wait timeout. Forcibly terminating.")
[DEBUG 19:18:47] pymarl Stopping Heartbeat
[ERROR 19:18:47] pymarl Failed after 0:01:09!
Traceback (most recent calls WITHOUT Sacred internals):
  File "/mnt/storage/qianhaoming/paper/HYGMA/src/main.py", line 35, in my_main
    exp_logger = run(_run, config, _log)
  File "/mnt/storage/qianhaoming/paper/HYGMA/src/run.py", line 48, in run
    run_sequential(args=args, logger=logger)
  File "/mnt/storage/qianhaoming/paper/HYGMA/src/run.py", line 179, in run_sequential
    learner.train(episode_sample, runner.t_env, episode)
  File "/mnt/storage/qianhaoming/paper/HYGMA/src/learners/q_learner.py", line 51, in train
    agent_outs = self.mac.forward(batch, t=t)
TypeError: forward() missing 1 required positional argument: 't_env'

[INFO 19:18:48] absl Shutdown gracefully.
[INFO 19:18:48] absl Shutdown with return code: -15
[2026-07-01 19:18:48] END A1-1 exit=1 duration=0:01:12.603686

=== [2/8] A1-2 5m_vs_6m qmix+hgcn s2 ===
[2026-07-01 19:18:48] START A1-2: 5m_vs_6m qmix+hgcn s2
COMMAND: /mnt/storage/qianhaoming/Tool/anaconda3/envs/hygma/bin/python main.py --config=ablation_qmix_hgcn --env-config=sc2 with env_args.map_name=5m_vs_6m t_max=500000 test_interval=5000 seed=2 grouping_mode=each_alone
/mnt/storage/qianhaoming/Tool/anaconda3/envs/hygma/lib/python3.9/site-packages/sacred/dependencies.py:11: UserWarning: pkg_resources is deprecated as an API. See https://setuptools.pypa.io/en/latest/pkg_resources.html. The pkg_resources package is slated for removal as early as 2025-11-30. Refrain from using this package or pin to Setuptools<81.
  import pkg_resources
/mnt/storage/qianhaoming/paper/HYGMA/src/main.py:77: DeprecationWarning: Using or importing the ABCs from 'collections' instead of from 'collections.abc' is deprecated since Python 3.3, and in 3.10 it will stop working
  if isinstance(v, collections.Mapping):
[INFO 19:18:50] root Saving to FileStorageObserver in results/sacred.
[DEBUG 19:18:51] pymarl Using capture mode "fd"
[INFO 19:18:51] pymarl Running command 'my_main'
[INFO 19:18:51] pymarl Started run with ID "24"
[DEBUG 19:18:51] pymarl Starting Heartbeat
[DEBUG 19:18:51] my_main Started
[INFO 19:18:51] my_main Experiment Parameters:
[INFO 19:18:51] my_main 

{   'action_selector': 'epsilon_greedy',
    'agent': 'rnn',
    'agent_output_type': 'q',
    'attention_record_interval': 0,
    'batch_size': 128,
    'batch_size_run': 1,
    'buffer_cpu_only': True,
    'buffer_size': 5000,
    'checkpoint_path': '',
    'clustering_interval': 100000,
    'clustering_probe_mode': 'off',
    'critic_lr': 0.0005,
    'double_q': True,
    'env': 'sc2',
    'env_args': {   'continuing_episode': False,
                    'debug': False,
                    'difficulty': '7',
                    'game_version': None,
                    'heuristic_ai': False,
                    'heuristic_rest': False,
                    'map_name': '5m_vs_6m',
                    'move_amount': 2,
                    'obs_all_health': True,
                    'obs_instead_of_state': False,
                    'obs_last_action': True,
                    'obs_own_health': True,
                    'obs_pathing_grid': False,
                    'obs_terrain_height': False,
                    'obs_timestep_number': False,
                    'replay_dir': '/home/lcq/project/GHMIX-master/replay',
                    'replay_prefix': '',
                    'reward_death_value': 10,
                    'reward_defeat': 0,
                    'reward_negative_scale': 0.5,
                    'reward_only_positive': True,
                    'reward_scale': True,
                    'reward_scale_rate': 20,
                    'reward_sparse': False,
                    'reward_win': 200,
                    'seed': 2,
                    'state_last_action': True,
                    'state_timestep_number': False,
                    'step_mul': 8},
    'epsilon_anneal_time': 100000,
    'epsilon_finish': 0.05,
    'epsilon_start': 1.0,
    'evaluate': False,
    'fix_grouping_steps': 99999999,
    'fix_hgcn_steps': 2,
    'gamma': 0.99,
    'grad_norm_clip': 10,
    'grouping_mode': 'each_alone',
    'hgcn_hidden_dim': 64,
    'hgcn_num_layers': 2,
    'hgcn_out_dim': 48,
    'hypernet_embed': 64,
    'hypernet_layers': 2,
    'label': 'default_label',
    'learner': 'q_learner',
    'learner_log_interval': 10000,
    'load_step': 0,
    'local_results_path': 'results',
    'log_interval': 10000,
    'lr': 0.0005,
    'mac': 'hygma_mac',
    'max_clusters': 3,
    'min_clusters': 2,
    'mixer': 'qmix',
    'mixing_embed_dim': 32,
    'name': 'ablation_qmix_hgcn',
    'obs_agent_id': True,
    'obs_last_action': True,
    'optim_alpha': 0.99,
    'optim_eps': 1e-05,
    'repeat_id': 1,
    'rnn_hidden_dim': 64,
    'runner': 'episode',
    'runner_log_interval': 10000,
    'save_model': True,
    'save_model_interval': 1000000,
    'save_replay': False,
    'seed': 2,
    'stability_threshold': 0.6,
    'state_history_length': 5000,
    't_max': 500000,
    'target_update_interval': 200,
    'test_greedy': True,
    'test_interval': 5000,
    'test_nepisode': 32,
    'use_cuda': True,
    'use_tensorboard': False}

[INFO 19:18:52] my_main Beginning training for 500000 timesteps
[INFO 19:18:52] absl Launching SC2: /mnt/storage/qianhaoming/StarCraftII/Versions/Base75689/SC2_x64 -listen 127.0.0.1 -port 45973 -dataDir /mnt/storage/qianhaoming/StarCraftII/ -tempDir /tmp/sc-rravbqw8/
[INFO 19:18:52] absl Connecting to: ws://127.0.0.1:45973/sc2api, attempt: 0, running: True
Version: B75689 (SC2.4.10)
Build: Aug 12 2019 17:16:57
Command Line: '"/mnt/storage/qianhaoming/StarCraftII/Versions/Base75689/SC2_x64" -listen 127.0.0.1 -port 45973 -dataDir /mnt/storage/qianhaoming/StarCraftII/ -tempDir /tmp/sc-rravbqw8/'
Starting up...
Startup Phase 1 complete
[INFO 19:18:53] absl Connecting to: ws://127.0.0.1:45973/sc2api, attempt: 1, running: True
Startup Phase 2 complete
Creating stub renderer...
Listening on: 127.0.0.1:45973
Startup Phase 3 complete. Ready for commands.
[INFO 19:18:54] absl Connecting to: ws://127.0.0.1:45973/sc2api, attempt: 2, running: True
ConnectHandler: Request from 127.0.0.1:45728 accepted
ReadyHandler: 127.0.0.1:45728 ready
Requesting to join a single player game
Configuring interface options
Configure: raw interface enabled
Configure: feature layer interface disabled
Configure: score interface disabled
Configure: render interface disabled
Launching next game.
Next launch phase started: 2
Next launch phase started: 3
Next launch phase started: 4
Next launch phase started: 5
Next launch phase started: 6
Next launch phase started: 7
Next launch phase started: 8
Game has started.
Using default stable ids, none found at: /mnt/storage/qianhaoming/StarCraftII/stableid.json
Successfully loaded stable ids: GameData\stableid.json
Sending ResponseJoinGame
/mnt/storage/qianhaoming/paper/HYGMA/src/components/episode_buffer.py:96: UserWarning: Creating a tensor from a list of numpy.ndarrays is extremely slow. Please consider converting the list to a single numpy.ndarray with numpy.array() before converting to a tensor. (Triggered internally at /opt/conda/conda-bld/pytorch_1729647350383/work/torch/csrc/utils/tensor_new.cpp:278.)
  v = th.tensor(v, dtype=dtype, device=self.device)
/mnt/storage/qianhaoming/paper/HYGMA/src/components/episode_buffer.py:96: UserWarning: To copy construct from a tensor, it is recommended to use sourceTensor.clone().detach() or sourceTensor.clone().detach().requires_grad_(True), rather than torch.tensor(sourceTensor).
  v = th.tensor(v, dtype=dtype, device=self.device)
[INFO 19:18:59] my_main t_env: 26 / 500000
[INFO 19:18:59] my_main Estimated time left: 11 minutes, 3 seconds. Time passed: 6 seconds
[INFO 19:19:22] my_main Saving models to results/models/ablation_qmix_hgcn__2026-07-01_19-18-51/26
/mnt/storage/qianhaoming/Tool/anaconda3/envs/hygma/lib/python3.9/site-packages/sacred/stdout_capturing.py:179: UserWarning: tee_stdout.wait timeout. Forcibly terminating.
  warnings.warn("tee_stdout.wait timeout. Forcibly terminating.")
/mnt/storage/qianhaoming/Tool/anaconda3/envs/hygma/lib/python3.9/site-packages/sacred/stdout_capturing.py:185: UserWarning: tee_stderr.wait timeout. Forcibly terminating.
  warnings.warn("tee_stderr.wait timeout. Forcibly terminating.")
[DEBUG 19:20:03] pymarl Stopping Heartbeat
[ERROR 19:20:03] pymarl Failed after 0:01:12!
Traceback (most recent calls WITHOUT Sacred internals):
  File "/mnt/storage/qianhaoming/paper/HYGMA/src/main.py", line 35, in my_main
    exp_logger = run(_run, config, _log)
  File "/mnt/storage/qianhaoming/paper/HYGMA/src/run.py", line 48, in run
    run_sequential(args=args, logger=logger)
  File "/mnt/storage/qianhaoming/paper/HYGMA/src/run.py", line 179, in run_sequential
    learner.train(episode_sample, runner.t_env, episode)
  File "/mnt/storage/qianhaoming/paper/HYGMA/src/learners/q_learner.py", line 51, in train
    agent_outs = self.mac.forward(batch, t=t)
TypeError: forward() missing 1 required positional argument: 't_env'

[INFO 19:20:03] absl Shutdown gracefully.
[INFO 19:20:03] absl Shutdown with return code: -15
[2026-07-01 19:20:03] END A1-2 exit=1 duration=0:01:15.069311

=== [3/8] A1-3 5m_vs_6m qmix+hgcn s3 ===
[2026-07-01 19:20:03] START A1-3: 5m_vs_6m qmix+hgcn s3
COMMAND: /mnt/storage/qianhaoming/Tool/anaconda3/envs/hygma/bin/python main.py --config=ablation_qmix_hgcn --env-config=sc2 with env_args.map_name=5m_vs_6m t_max=500000 test_interval=5000 seed=3 grouping_mode=each_alone
/mnt/storage/qianhaoming/Tool/anaconda3/envs/hygma/lib/python3.9/site-packages/sacred/dependencies.py:11: UserWarning: pkg_resources is deprecated as an API. See https://setuptools.pypa.io/en/latest/pkg_resources.html. The pkg_resources package is slated for removal as early as 2025-11-30. Refrain from using this package or pin to Setuptools<81.
  import pkg_resources
/mnt/storage/qianhaoming/paper/HYGMA/src/main.py:77: DeprecationWarning: Using or importing the ABCs from 'collections' instead of from 'collections.abc' is deprecated since Python 3.3, and in 3.10 it will stop working
  if isinstance(v, collections.Mapping):
[INFO 19:20:05] root Saving to FileStorageObserver in results/sacred.
[DEBUG 19:20:06] pymarl Using capture mode "fd"
[INFO 19:20:06] pymarl Running command 'my_main'
[INFO 19:20:06] pymarl Started run with ID "25"
[DEBUG 19:20:06] pymarl Starting Heartbeat
[DEBUG 19:20:06] my_main Started
[INFO 19:20:06] my_main Experiment Parameters:
[INFO 19:20:06] my_main 

{   'action_selector': 'epsilon_greedy',
    'agent': 'rnn',
    'agent_output_type': 'q',
    'attention_record_interval': 0,
    'batch_size': 128,
    'batch_size_run': 1,
    'buffer_cpu_only': True,
    'buffer_size': 5000,
    'checkpoint_path': '',
    'clustering_interval': 100000,
    'clustering_probe_mode': 'off',
    'critic_lr': 0.0005,
    'double_q': True,
    'env': 'sc2',
    'env_args': {   'continuing_episode': False,
                    'debug': False,
                    'difficulty': '7',
                    'game_version': None,
                    'heuristic_ai': False,
                    'heuristic_rest': False,
                    'map_name': '5m_vs_6m',
                    'move_amount': 2,
                    'obs_all_health': True,
                    'obs_instead_of_state': False,
                    'obs_last_action': True,
                    'obs_own_health': True,
                    'obs_pathing_grid': False,
                    'obs_terrain_height': False,
                    'obs_timestep_number': False,
                    'replay_dir': '/home/lcq/project/GHMIX-master/replay',
                    'replay_prefix': '',
                    'reward_death_value': 10,
                    'reward_defeat': 0,
                    'reward_negative_scale': 0.5,
                    'reward_only_positive': True,
                    'reward_scale': True,
                    'reward_scale_rate': 20,
                    'reward_sparse': False,
                    'reward_win': 200,
                    'seed': 3,
                    'state_last_action': True,
                    'state_timestep_number': False,
                    'step_mul': 8},
    'epsilon_anneal_time': 100000,
    'epsilon_finish': 0.05,
    'epsilon_start': 1.0,
    'evaluate': False,
    'fix_grouping_steps': 99999999,
    'fix_hgcn_steps': 2,
    'gamma': 0.99,
    'grad_norm_clip': 10,
    'grouping_mode': 'each_alone',
    'hgcn_hidden_dim': 64,
    'hgcn_num_layers': 2,
    'hgcn_out_dim': 48,
    'hypernet_embed': 64,
    'hypernet_layers': 2,
    'label': 'default_label',
    'learner': 'q_learner',
    'learner_log_interval': 10000,
    'load_step': 0,
    'local_results_path': 'results',
    'log_interval': 10000,
    'lr': 0.0005,
    'mac': 'hygma_mac',
    'max_clusters': 3,
    'min_clusters': 2,
    'mixer': 'qmix',
    'mixing_embed_dim': 32,
    'name': 'ablation_qmix_hgcn',
    'obs_agent_id': True,
    'obs_last_action': True,
    'optim_alpha': 0.99,
    'optim_eps': 1e-05,
    'repeat_id': 1,
    'rnn_hidden_dim': 64,
    'runner': 'episode',
    'runner_log_interval': 10000,
    'save_model': True,
    'save_model_interval': 1000000,
    'save_replay': False,
    'seed': 3,
    'stability_threshold': 0.6,
    'state_history_length': 5000,
    't_max': 500000,
    'target_update_interval': 200,
    'test_greedy': True,
    'test_interval': 5000,
    'test_nepisode': 32,
    'use_cuda': True,
    'use_tensorboard': False}

[INFO 19:20:07] my_main Beginning training for 500000 timesteps
[INFO 19:20:07] absl Launching SC2: /mnt/storage/qianhaoming/StarCraftII/Versions/Base75689/SC2_x64 -listen 127.0.0.1 -port 43279 -dataDir /mnt/storage/qianhaoming/StarCraftII/ -tempDir /tmp/sc-wjicnaav/
[INFO 19:20:07] absl Connecting to: ws://127.0.0.1:43279/sc2api, attempt: 0, running: True
Version: B75689 (SC2.4.10)
Build: Aug 12 2019 17:16:57
Command Line: '"/mnt/storage/qianhaoming/StarCraftII/Versions/Base75689/SC2_x64" -listen 127.0.0.1 -port 43279 -dataDir /mnt/storage/qianhaoming/StarCraftII/ -tempDir /tmp/sc-wjicnaav/'
Starting up...
Startup Phase 1 complete
[INFO 19:20:08] absl Connecting to: ws://127.0.0.1:43279/sc2api, attempt: 1, running: True
Startup Phase 2 complete
Creating stub renderer...
Listening on: 127.0.0.1:43279
Startup Phase 3 complete. Ready for commands.
[INFO 19:20:09] absl Connecting to: ws://127.0.0.1:43279/sc2api, attempt: 2, running: True
ConnectHandler: Request from 127.0.0.1:38884 accepted
ReadyHandler: 127.0.0.1:38884 ready
Requesting to join a single player game
Configuring interface options
Configure: raw interface enabled
Configure: feature layer interface disabled
Configure: score interface disabled
Configure: render interface disabled
Launching next game.
Next launch phase started: 2
Next launch phase started: 3
Next launch phase started: 4
Next launch phase started: 5
Next launch phase started: 6
Next launch phase started: 7
Next launch phase started: 8
Game has started.
Using default stable ids, none found at: /mnt/storage/qianhaoming/StarCraftII/stableid.json
Successfully loaded stable ids: GameData\stableid.json
Sending ResponseJoinGame
/mnt/storage/qianhaoming/paper/HYGMA/src/components/episode_buffer.py:96: UserWarning: Creating a tensor from a list of numpy.ndarrays is extremely slow. Please consider converting the list to a single numpy.ndarray with numpy.array() before converting to a tensor. (Triggered internally at /opt/conda/conda-bld/pytorch_1729647350383/work/torch/csrc/utils/tensor_new.cpp:278.)
  v = th.tensor(v, dtype=dtype, device=self.device)
/mnt/storage/qianhaoming/paper/HYGMA/src/components/episode_buffer.py:96: UserWarning: To copy construct from a tensor, it is recommended to use sourceTensor.clone().detach() or sourceTensor.clone().detach().requires_grad_(True), rather than torch.tensor(sourceTensor).
  v = th.tensor(v, dtype=dtype, device=self.device)
[INFO 19:20:14] my_main t_env: 27 / 500000
[INFO 19:20:14] my_main Estimated time left: 10 minutes, 57 seconds. Time passed: 6 seconds
[INFO 19:20:37] my_main Saving models to results/models/ablation_qmix_hgcn__2026-07-01_19-20-06/27
/mnt/storage/qianhaoming/Tool/anaconda3/envs/hygma/lib/python3.9/site-packages/sacred/stdout_capturing.py:179: UserWarning: tee_stdout.wait timeout. Forcibly terminating.
  warnings.warn("tee_stdout.wait timeout. Forcibly terminating.")
/mnt/storage/qianhaoming/Tool/anaconda3/envs/hygma/lib/python3.9/site-packages/sacred/stdout_capturing.py:185: UserWarning: tee_stderr.wait timeout. Forcibly terminating.
  warnings.warn("tee_stderr.wait timeout. Forcibly terminating.")
[DEBUG 19:21:17] pymarl Stopping Heartbeat
[ERROR 19:21:17] pymarl Failed after 0:01:12!
Traceback (most recent calls WITHOUT Sacred internals):
  File "/mnt/storage/qianhaoming/paper/HYGMA/src/main.py", line 35, in my_main
    exp_logger = run(_run, config, _log)
  File "/mnt/storage/qianhaoming/paper/HYGMA/src/run.py", line 48, in run
    run_sequential(args=args, logger=logger)
  File "/mnt/storage/qianhaoming/paper/HYGMA/src/run.py", line 179, in run_sequential
    learner.train(episode_sample, runner.t_env, episode)
  File "/mnt/storage/qianhaoming/paper/HYGMA/src/learners/q_learner.py", line 51, in train
    agent_outs = self.mac.forward(batch, t=t)
TypeError: forward() missing 1 required positional argument: 't_env'

[INFO 19:21:17] absl Shutdown gracefully.
[INFO 19:21:17] absl Shutdown with return code: -15
[2026-07-01 19:21:18] END A1-3 exit=1 duration=0:01:14.861972

=== [4/8] B1-1 5m_vs_6m random_group s1 ===
[2026-07-01 19:21:18] START B1-1: 5m_vs_6m random_group s1
COMMAND: /mnt/storage/qianhaoming/Tool/anaconda3/envs/hygma/bin/python main.py --config=hygma --env-config=sc2 with env_args.map_name=5m_vs_6m t_max=500000 test_interval=5000 seed=1 grouping_mode=random learner=q_learner clustering_interval=5000 clustering_probe_mode=off
/mnt/storage/qianhaoming/Tool/anaconda3/envs/hygma/lib/python3.9/site-packages/sacred/dependencies.py:11: UserWarning: pkg_resources is deprecated as an API. See https://setuptools.pypa.io/en/latest/pkg_resources.html. The pkg_resources package is slated for removal as early as 2025-11-30. Refrain from using this package or pin to Setuptools<81.
  import pkg_resources
/mnt/storage/qianhaoming/paper/HYGMA/src/main.py:77: DeprecationWarning: Using or importing the ABCs from 'collections' instead of from 'collections.abc' is deprecated since Python 3.3, and in 3.10 it will stop working
  if isinstance(v, collections.Mapping):
[INFO 19:21:20] root Saving to FileStorageObserver in results/sacred.
[DEBUG 19:21:21] pymarl Using capture mode "fd"
[INFO 19:21:21] pymarl Running command 'my_main'
[INFO 19:21:21] pymarl Started run with ID "26"
[DEBUG 19:21:21] pymarl Starting Heartbeat
[DEBUG 19:21:21] my_main Started
[INFO 19:21:21] my_main Experiment Parameters:
[INFO 19:21:21] my_main 

{   'action_selector': 'epsilon_greedy',
    'agent': 'rnn',
    'agent_output_type': 'q',
    'attention_record_interval': 5000,
    'batch_size': 128,
    'batch_size_run': 1,
    'behavior_history_length': 5000,
    'buffer_cpu_only': True,
    'buffer_size': 5000,
    'checkpoint_path': '',
    'clustering_interval': 5000,
    'clustering_min_checks': 1,
    'clustering_min_steps': 20000,
    'clustering_min_updates': 0,
    'clustering_probe_mode': 'off',
    'critic_lr': 0.0005,
    'double_q': True,
    'env': 'sc2',
    'env_args': {   'continuing_episode': False,
                    'debug': False,
                    'difficulty': '7',
                    'game_version': None,
                    'heuristic_ai': False,
                    'heuristic_rest': False,
                    'map_name': '5m_vs_6m',
                    'move_amount': 2,
                    'obs_all_health': True,
                    'obs_instead_of_state': False,
                    'obs_last_action': True,
                    'obs_own_health': True,
                    'obs_pathing_grid': False,
                    'obs_terrain_height': False,
                    'obs_timestep_number': False,
                    'replay_dir': '/home/lcq/project/GHMIX-master/replay',
                    'replay_prefix': '',
                    'reward_death_value': 10,
                    'reward_defeat': 0,
                    'reward_negative_scale': 0.5,
                    'reward_only_positive': True,
                    'reward_scale': True,
                    'reward_scale_rate': 20,
                    'reward_sparse': False,
                    'reward_win': 200,
                    'seed': 1,
                    'state_last_action': True,
                    'state_timestep_number': False,
                    'step_mul': 8},
    'epsilon_anneal_time': 100000,
    'epsilon_finish': 0.05,
    'epsilon_start': 1.0,
    'evaluate': False,
    'fix_grouping_steps': 2,
    'fix_hgcn_steps': 2,
    'gamma': 0.99,
    'grad_norm_clip': 10,
    'grouping_mode': 'random',
    'hgcn_hidden_dim': 64,
    'hgcn_num_layers': 2,
    'hgcn_out_dim': 48,
    'hypernet_embed': 64,
    'hypernet_layers': 2,
    'label': 'default_label',
    'lambda_attention': 0.01,
    'lambda_consistency': 0.001,
    'learner': 'q_learner',
    'learner_log_interval': 10000,
    'load_step': 0,
    'local_results_path': 'results',
    'log_interval': 10000,
    'lr': 0.0005,
    'mac': 'hygma_mac',
    'max_clusters': 3,
    'min_clusters': 2,
    'mixer': 'qmix',
    'mixing_embed_dim': 32,
    'name': 'hygma',
    'obs_agent_id': True,
    'obs_last_action': True,
    'optim_alpha': 0.99,
    'optim_beta1': 0.9,
    'optim_beta2': 0.999,
    'optim_eps': '1e-8',
    'repeat_id': 1,
    'rnn_hidden_dim': 64,
    'runner': 'episode',
    'runner_log_interval': 10000,
    'save_model': True,
    'save_model_interval': 1000000,
    'save_replay': False,
    'seed': 1,
    'stability_threshold': 0.6,
    'state_history_length': 5000,
    't_max': 500000,
    'target_update_interval': 200,
    'test_greedy': True,
    'test_interval': 5000,
    'test_nepisode': 32,
    'use_cuda': True,
    'use_tensorboard': False,
    'weight_decay': 0.01}

[INFO 19:21:22] my_main Beginning training for 500000 timesteps
[INFO 19:21:22] absl Launching SC2: /mnt/storage/qianhaoming/StarCraftII/Versions/Base75689/SC2_x64 -listen 127.0.0.1 -port 45297 -dataDir /mnt/storage/qianhaoming/StarCraftII/ -tempDir /tmp/sc-zndwkib1/
[INFO 19:21:22] absl Connecting to: ws://127.0.0.1:45297/sc2api, attempt: 0, running: True
Version: B75689 (SC2.4.10)
Build: Aug 12 2019 17:16:57
Command Line: '"/mnt/storage/qianhaoming/StarCraftII/Versions/Base75689/SC2_x64" -listen 127.0.0.1 -port 45297 -dataDir /mnt/storage/qianhaoming/StarCraftII/ -tempDir /tmp/sc-zndwkib1/'
Starting up...
Startup Phase 1 complete
[INFO 19:21:23] absl Connecting to: ws://127.0.0.1:45297/sc2api, attempt: 1, running: True
Startup Phase 2 complete
Creating stub renderer...
Listening on: 127.0.0.1:45297
Startup Phase 3 complete. Ready for commands.
[INFO 19:21:24] absl Connecting to: ws://127.0.0.1:45297/sc2api, attempt: 2, running: True
ConnectHandler: Request from 127.0.0.1:50832 accepted
ReadyHandler: 127.0.0.1:50832 ready
Requesting to join a single player game
Configuring interface options
Configure: raw interface enabled
Configure: feature layer interface disabled
Configure: score interface disabled
Configure: render interface disabled
Launching next game.
Next launch phase started: 2
Next launch phase started: 3
Next launch phase started: 4
Next launch phase started: 5
Next launch phase started: 6
Next launch phase started: 7
Next launch phase started: 8
Game has started.
Using default stable ids, none found at: /mnt/storage/qianhaoming/StarCraftII/stableid.json
Successfully loaded stable ids: GameData\stableid.json
Sending ResponseJoinGame
/mnt/storage/qianhaoming/paper/HYGMA/src/components/episode_buffer.py:96: UserWarning: Creating a tensor from a list of numpy.ndarrays is extremely slow. Please consider converting the list to a single numpy.ndarray with numpy.array() before converting to a tensor. (Triggered internally at /opt/conda/conda-bld/pytorch_1729647350383/work/torch/csrc/utils/tensor_new.cpp:278.)
  v = th.tensor(v, dtype=dtype, device=self.device)
/mnt/storage/qianhaoming/paper/HYGMA/src/components/episode_buffer.py:96: UserWarning: To copy construct from a tensor, it is recommended to use sourceTensor.clone().detach() or sourceTensor.clone().detach().requires_grad_(True), rather than torch.tensor(sourceTensor).
  v = th.tensor(v, dtype=dtype, device=self.device)
[INFO 19:21:28] my_main t_env: 25 / 500000
[INFO 19:21:28] my_main Estimated time left: 10 minutes, 55 seconds. Time passed: 6 seconds
[INFO 19:21:48] my_main Saving models to results/models/hygma__2026-07-01_19-21-21/25
/mnt/storage/qianhaoming/Tool/anaconda3/envs/hygma/lib/python3.9/site-packages/sacred/stdout_capturing.py:179: UserWarning: tee_stdout.wait timeout. Forcibly terminating.
  warnings.warn("tee_stdout.wait timeout. Forcibly terminating.")
/mnt/storage/qianhaoming/Tool/anaconda3/envs/hygma/lib/python3.9/site-packages/sacred/stdout_capturing.py:185: UserWarning: tee_stderr.wait timeout. Forcibly terminating.
  warnings.warn("tee_stderr.wait timeout. Forcibly terminating.")
[DEBUG 19:22:21] pymarl Stopping Heartbeat
[ERROR 19:22:21] pymarl Failed after 0:01:00!
Traceback (most recent calls WITHOUT Sacred internals):
  File "/mnt/storage/qianhaoming/paper/HYGMA/src/main.py", line 35, in my_main
    exp_logger = run(_run, config, _log)
  File "/mnt/storage/qianhaoming/paper/HYGMA/src/run.py", line 48, in run
    run_sequential(args=args, logger=logger)
  File "/mnt/storage/qianhaoming/paper/HYGMA/src/run.py", line 179, in run_sequential
    learner.train(episode_sample, runner.t_env, episode)
  File "/mnt/storage/qianhaoming/paper/HYGMA/src/learners/q_learner.py", line 51, in train
    agent_outs = self.mac.forward(batch, t=t)
TypeError: forward() missing 1 required positional argument: 't_env'

[INFO 19:22:21] absl Shutdown gracefully.
[INFO 19:22:21] absl Shutdown with return code: -15
[2026-07-01 19:22:22] END B1-1 exit=1 duration=0:01:03.541858

=== [5/8] C1a-2 5m_vs_6m qmix s2 ===
[2026-07-01 19:22:22] START C1a-2: 5m_vs_6m qmix s2
COMMAND: /mnt/storage/qianhaoming/Tool/anaconda3/envs/hygma/bin/python main.py --config=qmix --env-config=sc2 with env_args.map_name=5m_vs_6m t_max=500000 test_interval=5000 seed=2
/mnt/storage/qianhaoming/Tool/anaconda3/envs/hygma/lib/python3.9/site-packages/sacred/dependencies.py:11: UserWarning: pkg_resources is deprecated as an API. See https://setuptools.pypa.io/en/latest/pkg_resources.html. The pkg_resources package is slated for removal as early as 2025-11-30. Refrain from using this package or pin to Setuptools<81.
  import pkg_resources
/mnt/storage/qianhaoming/paper/HYGMA/src/main.py:77: DeprecationWarning: Using or importing the ABCs from 'collections' instead of from 'collections.abc' is deprecated since Python 3.3, and in 3.10 it will stop working
  if isinstance(v, collections.Mapping):
[INFO 19:22:24] root Saving to FileStorageObserver in results/sacred.
[DEBUG 19:22:24] pymarl Using capture mode "fd"
[INFO 19:22:24] pymarl Running command 'my_main'
[INFO 19:22:24] pymarl Started run with ID "27"
[DEBUG 19:22:24] pymarl Starting Heartbeat
[DEBUG 19:22:24] my_main Started
[INFO 19:22:24] my_main Experiment Parameters:
[INFO 19:22:24] my_main 

{   'action_selector': 'epsilon_greedy',
    'agent': 'rnn',
    'agent_output_type': 'q',
    'batch_size': 128,
    'batch_size_run': 1,
    'buffer_cpu_only': True,
    'buffer_size': 5000,
    'checkpoint_path': '',
    'critic_lr': 0.0005,
    'double_q': True,
    'env': 'sc2',
    'env_args': {   'continuing_episode': False,
                    'debug': False,
                    'difficulty': '7',
                    'game_version': None,
                    'heuristic_ai': False,
                    'heuristic_rest': False,
                    'map_name': '5m_vs_6m',
                    'move_amount': 2,
                    'obs_all_health': True,
                    'obs_instead_of_state': False,
                    'obs_last_action': True,
                    'obs_own_health': True,
                    'obs_pathing_grid': False,
                    'obs_terrain_height': False,
                    'obs_timestep_number': False,
                    'replay_dir': '/home/lcq/project/GHMIX-master/replay',
                    'replay_prefix': '',
                    'reward_death_value': 10,
                    'reward_defeat': 0,
                    'reward_negative_scale': 0.5,
                    'reward_only_positive': True,
                    'reward_scale': True,
                    'reward_scale_rate': 20,
                    'reward_sparse': False,
                    'reward_win': 200,
                    'seed': 2,
                    'state_last_action': True,
                    'state_timestep_number': False,
                    'step_mul': 8},
    'epsilon_anneal_time': 50000,
    'epsilon_finish': 0.05,
    'epsilon_start': 1.0,
    'evaluate': False,
    'gamma': 0.99,
    'grad_norm_clip': 10,
    'hypernet_embed': 64,
    'hypernet_layers': 2,
    'label': 'default_label',
    'learner': 'q_learner',
    'learner_log_interval': 10000,
    'load_step': 0,
    'local_results_path': 'results',
    'log_interval': 10000,
    'lr': 0.0005,
    'mac': 'basic_mac',
    'mixer': 'qmix',
    'mixing_embed_dim': 32,
    'name': 'qmix',
    'obs_agent_id': True,
    'obs_last_action': True,
    'optim_alpha': 0.99,
    'optim_eps': 1e-05,
    'repeat_id': 1,
    'rnn_hidden_dim': 64,
    'runner': 'episode',
    'runner_log_interval': 10000,
    'save_model': True,
    'save_model_interval': 1000000,
    'save_replay': False,
    'seed': 2,
    't_max': 500000,
    'target_update_interval': 200,
    'test_greedy': True,
    'test_interval': 5000,
    'test_nepisode': 32,
    'use_cuda': True,
    'use_tensorboard': False}

[INFO 19:22:25] my_main Beginning training for 500000 timesteps
[INFO 19:22:25] absl Launching SC2: /mnt/storage/qianhaoming/StarCraftII/Versions/Base75689/SC2_x64 -listen 127.0.0.1 -port 43049 -dataDir /mnt/storage/qianhaoming/StarCraftII/ -tempDir /tmp/sc-77cu32ab/
[INFO 19:22:25] absl Connecting to: ws://127.0.0.1:43049/sc2api, attempt: 0, running: True
Version: B75689 (SC2.4.10)
Build: Aug 12 2019 17:16:57
Command Line: '"/mnt/storage/qianhaoming/StarCraftII/Versions/Base75689/SC2_x64" -listen 127.0.0.1 -port 43049 -dataDir /mnt/storage/qianhaoming/StarCraftII/ -tempDir /tmp/sc-77cu32ab/'
Starting up...
Startup Phase 1 complete
[INFO 19:22:26] absl Connecting to: ws://127.0.0.1:43049/sc2api, attempt: 1, running: True
Startup Phase 2 complete
Creating stub renderer...
Listening on: 127.0.0.1:43049
Startup Phase 3 complete. Ready for commands.
[INFO 19:22:27] absl Connecting to: ws://127.0.0.1:43049/sc2api, attempt: 2, running: True
ConnectHandler: Request from 127.0.0.1:34280 accepted
ReadyHandler: 127.0.0.1:34280 ready
Requesting to join a single player game
Configuring interface options
Configure: raw interface enabled
Configure: feature layer interface disabled
Configure: score interface disabled
Configure: render interface disabled
Launching next game.
Next launch phase started: 2
Next launch phase started: 3
Next launch phase started: 4
Next launch phase started: 5
Next launch phase started: 6
Next launch phase started: 7
Next launch phase started: 8
Game has started.
Using default stable ids, none found at: /mnt/storage/qianhaoming/StarCraftII/stableid.json
Successfully loaded stable ids: GameData\stableid.json
Sending ResponseJoinGame
/mnt/storage/qianhaoming/paper/HYGMA/src/components/episode_buffer.py:96: UserWarning: Creating a tensor from a list of numpy.ndarrays is extremely slow. Please consider converting the list to a single numpy.ndarray with numpy.array() before converting to a tensor. (Triggered internally at /opt/conda/conda-bld/pytorch_1729647350383/work/torch/csrc/utils/tensor_new.cpp:278.)
  v = th.tensor(v, dtype=dtype, device=self.device)
/mnt/storage/qianhaoming/paper/HYGMA/src/components/episode_buffer.py:96: UserWarning: To copy construct from a tensor, it is recommended to use sourceTensor.clone().detach() or sourceTensor.clone().detach().requires_grad_(True), rather than torch.tensor(sourceTensor).
  v = th.tensor(v, dtype=dtype, device=self.device)
[INFO 19:22:32] my_main t_env: 26 / 500000
[INFO 19:22:32] my_main Estimated time left: 10 minutes, 44 seconds. Time passed: 6 seconds
[INFO 19:22:36] my_main Saving models to results/models/qmix__2026-07-01_19-22-24/26
[INFO 19:23:09] my_main t_env: 5048 / 500000
[INFO 19:23:09] my_main Estimated time left: 1 hours, 1 minutes, 31 seconds. Time passed: 43 seconds
[INFO 19:23:28] my_main Updated target network
[INFO 19:24:14] my_main Recent Stats | t_env:      10022 | Episode:      370
battle_won_mean:           0.0000	dead_allies_mean:          5.0000	dead_enemies_mean:         0.0000	ep_length_mean:           26.0000
epsilon:                   1.0000	grad_norm:                 0.7068	loss:                      0.0478	q_taken_mean:             -0.0467
return_mean:               1.8113	return_std:                0.0000	target_mean:              -0.0224	td_error_abs:              0.1662
test_battle_won_mean:      0.0000	test_dead_allies_mean:     3.5312	test_dead_enemies_mean:    0.0000	test_ep_length_mean:      43.4219
test_return_mean:          0.5660	test_return_std:           0.3201	
[INFO 19:24:14] my_main t_env: 10050 / 500000
[INFO 19:24:14] my_main Estimated time left: 1 hours, 45 minutes, 42 seconds. Time passed: 1 minutes, 48 seconds
[INFO 19:24:29] my_main Updated target network
[INFO 19:25:20] my_main Updated target network
[INFO 19:25:20] my_main t_env: 15070 / 500000
[INFO 19:25:20] my_main Estimated time left: 1 hours, 46 minutes, 0 seconds. Time passed: 2 minutes, 54 seconds
[INFO 19:26:11] my_main Updated target network
[INFO 19:26:23] my_main Recent Stats | t_env:      20022 | Episode:      857
battle_won_mean:           0.0000	dead_allies_mean:          4.9851	dead_enemies_mean:         0.0000	ep_length_mean:           26.5459
epsilon:                   0.8096	grad_norm:                 0.4460	loss:                      0.0310	q_taken_mean:             -0.0060
return_mean:               1.6703	return_std:                0.2388	target_mean:               0.0093	td_error_abs:              0.1272
test_battle_won_mean:      0.0000	test_dead_allies_mean:     4.1953	test_dead_enemies_mean:    0.6094	test_ep_length_mean:      35.5859
test_return_mean:          2.8532	test_return_std:           0.6032	
[INFO 19:26:24] my_main t_env: 20079 / 500000
[INFO 19:26:24] my_main Estimated time left: 1 hours, 42 minutes, 46 seconds. Time passed: 3 minutes, 58 seconds
[INFO 19:27:01] my_main Updated target network
[INFO 19:27:31] my_main t_env: 25091 / 500000
[INFO 19:27:31] my_main Estimated time left: 1 hours, 45 minutes, 31 seconds. Time passed: 5 minutes, 5 seconds
[INFO 19:27:51] my_main Updated target network
[INFO 19:28:36] my_main Updated target network
[INFO 19:28:37] my_main Recent Stats | t_env:      30025 | Episode:     1405
battle_won_mean:           0.0000	dead_allies_mean:          4.9901	dead_enemies_mean:         0.0068	ep_length_mean:           24.5340
epsilon:                   0.6192	grad_norm:                 0.5047	loss:                      0.0296	q_taken_mean:              0.0708
return_mean:               1.8450	return_std:                0.3713	target_mean:               0.0848	td_error_abs:              0.1249
test_battle_won_mean:      0.0000	test_dead_allies_mean:     4.3563	test_dead_enemies_mean:    1.3813	test_ep_length_mean:      32.9125
test_return_mean:          5.0842	test_return_std:           0.8862	
[INFO 19:28:38] my_main t_env: 30097 / 500000
[INFO 19:28:38] my_main Estimated time left: 1 hours, 44 minutes, 27 seconds. Time passed: 6 minutes, 12 seconds
[INFO 19:29:23] my_main Updated target network
[INFO 19:29:43] my_main t_env: 35111 / 500000
[INFO 19:29:43] my_main Estimated time left: 1 hours, 40 minutes, 10 seconds. Time passed: 7 minutes, 17 seconds
[INFO 19:30:10] my_main Updated target network
[INFO 19:30:45] my_main Recent Stats | t_env:      40039 | Episode:     1964
battle_won_mean:           0.0000	dead_allies_mean:          4.9926	dead_enemies_mean:         0.0763	ep_length_mean:           22.9626
epsilon:                   0.4292	grad_norm:                 0.8750	loss:                      0.0367	q_taken_mean:              0.1521
return_mean:               2.1705	return_std:                0.4931	target_mean:               0.1561	td_error_abs:              0.1381
test_battle_won_mean:      0.0000	test_dead_allies_mean:     5.0000	test_dead_enemies_mean:    2.1313	test_ep_length_mean:      19.1750
test_return_mean:          6.9054	test_return_std:           0.9359	
[INFO 19:30:46] my_main t_env: 40111 / 500000
[INFO 19:30:46] my_main Estimated time left: 1 hours, 37 minutes, 12 seconds. Time passed: 8 minutes, 20 seconds
[INFO 19:30:58] my_main Updated target network
[INFO 19:31:40] my_main Updated target network
[INFO 19:31:47] my_main t_env: 45114 / 500000
[INFO 19:31:47] my_main Estimated time left: 1 hours, 33 minutes, 5 seconds. Time passed: 9 minutes, 22 seconds
[INFO 19:32:27] my_main Updated target network
[INFO 19:32:46] my_main Recent Stats | t_env:      50040 | Episode:     2492
battle_won_mean:           0.0000	dead_allies_mean:          4.9941	dead_enemies_mean:         0.2206	ep_length_mean:           21.9536
epsilon:                   0.2389	grad_norm:                 1.1611	loss:                      0.0404	q_taken_mean:              0.2314
return_mean:               2.6043	return_std:                0.5830	target_mean:               0.2301	td_error_abs:              0.1454
test_battle_won_mean:      0.0000	test_dead_allies_mean:     5.0000	test_dead_enemies_mean:    2.0187	test_ep_length_mean:      18.9000
test_return_mean:          6.7356	test_return_std:           0.8909	
[INFO 19:32:46] my_main t_env: 50116 / 500000
[INFO 19:32:46] my_main Estimated time left: 1 hours, 28 minutes, 22 seconds. Time passed: 10 minutes, 21 seconds
[INFO 19:33:12] my_main Updated target network
[INFO 19:33:44] my_main t_env: 55125 / 500000
[INFO 19:33:44] my_main Estimated time left: 1 hours, 25 minutes, 30 seconds. Time passed: 11 minutes, 18 seconds
RequestQuit command received.
Closing Application...
DataHandler: unable to parse websocket frame.
CloseHandler: 127.0.0.1:34280 disconnected
[INFO 19:33:51] absl Shutdown gracefully.
[INFO 19:33:51] absl Shutdown with return code: -15
[INFO 19:33:51] absl Launching SC2: /mnt/storage/qianhaoming/StarCraftII/Versions/Base75689/SC2_x64 -listen 127.0.0.1 -port 35645 -dataDir /mnt/storage/qianhaoming/StarCraftII/ -tempDir /tmp/sc-h6lhgied/
[INFO 19:33:51] absl Connecting to: ws://127.0.0.1:35645/sc2api, attempt: 0, running: True
Version: B75689 (SC2.4.10)
Build: Aug 12 2019 17:16:57
Command Line: '"/mnt/storage/qianhaoming/StarCraftII/Versions/Base75689/SC2_x64" -listen 127.0.0.1 -port 35645 -dataDir /mnt/storage/qianhaoming/StarCraftII/ -tempDir /tmp/sc-h6lhgied/'
Starting up...
Startup Phase 1 complete
[INFO 19:33:52] absl Connecting to: ws://127.0.0.1:35645/sc2api, attempt: 1, running: True
Startup Phase 2 complete
Creating stub renderer...
Listening on: 127.0.0.1:35645
Startup Phase 3 complete. Ready for commands.
[INFO 19:33:53] absl Connecting to: ws://127.0.0.1:35645/sc2api, attempt: 2, running: True
ConnectHandler: Request from 127.0.0.1:52960 accepted
ReadyHandler: 127.0.0.1:52960 ready
Requesting to join a single player game
Configuring interface options
Configure: raw interface enabled
Configure: feature layer interface disabled
Configure: score interface disabled
Configure: render interface disabled
Launching next game.
Next launch phase started: 2
Next launch phase started: 3
Next launch phase started: 4
Next launch phase started: 5
Next launch phase started: 6
Next launch phase started: 7
Next launch phase started: 8
Game has started.
Using default stable ids, none found at: /mnt/storage/qianhaoming/StarCraftII/stableid.json
Successfully loaded stable ids: GameData\stableid.json
Sending ResponseJoinGame
[INFO 19:34:04] my_main Updated target network
[INFO 19:34:46] my_main Recent Stats | t_env:      60049 | Episode:     2980
battle_won_mean:           0.0000	dead_allies_mean:          4.9937	dead_enemies_mean:         0.5096	ep_length_mean:           20.5426
epsilon:                   0.0500	grad_norm:                 1.0682	loss:                      0.0365	q_taken_mean:              0.3498
return_mean:               3.3707	return_std:                0.7594	target_mean:               0.3430	td_error_abs:              0.1372
test_battle_won_mean:      0.0000	test_dead_allies_mean:     5.0000	test_dead_enemies_mean:    1.8188	test_ep_length_mean:      18.9000
test_return_mean:          6.4054	test_return_std:           0.7479	
[INFO 19:34:46] my_main t_env: 60126 / 500000
[INFO 19:34:46] my_main Estimated time left: 1 hours, 31 minutes, 1 seconds. Time passed: 12 minutes, 20 seconds
[INFO 19:34:57] my_main Updated target network
[INFO 19:35:34] my_main t_env: 65130 / 500000
